{"/Users/computer/dev/card-library-api/src/server.ts": {"path":"/Users/computer/dev/card-library-api/src/server.ts","statementMap":{"0":{"start":{"line":1,"column":0},"end":{"line":1,"column":30}},"1":{"start":{"line":2,"column":0},"end":{"line":2,"column":28}},"2":{"start":{"line":3,"column":0},"end":{"line":3,"column":24}},"3":{"start":{"line":5,"column":0},"end":{"line":5,"column":33}},"4":{"start":{"line":7,"column":15},"end":{"line":7,"column":24}},"5":{"start":{"line":20,"column":9},"end":{"line":20,"column":15}},"6":{"start":{"line":9,"column":0},"end":{"line":9,"column":21}},"7":{"start":{"line":10,"column":0},"end":{"line":14,"column":2}},"8":{"start":{"line":15,"column":0},"end":{"line":15,"column":45}},"9":{"start":{"line":16,"column":0},"end":{"line":16,"column":52}},"10":{"start":{"line":18,"column":0},"end":{"line":18,"column":27}}},"fnMap":{},"branchMap":{},"s":{"0":1,"1":1,"2":1,"3":1,"4":1,"5":1,"6":1,"7":1,"8":1,"9":1,"10":1},"f":{},"b":{}}
,"/Users/computer/dev/card-library-api/src/controllers/index.ts": {"path":"/Users/computer/dev/card-library-api/src/controllers/index.ts","statementMap":{"0":{"start":{"line":1,"column":0},"end":{"line":1,"column":37}}},"fnMap":{},"branchMap":{},"s":{"0":1},"f":{},"b":{}}
,"/Users/computer/dev/card-library-api/src/controllers/product.controller.ts": {"path":"/Users/computer/dev/card-library-api/src/controllers/product.controller.ts","statementMap":{"0":{"start":{"line":3,"column":0},"end":{"line":3,"column":null}},"1":{"start":{"line":20,"column":10},"end":{"line":20,"column":21}},"2":{"start":{"line":25,"column":16},"end":{"line":25,"column":55}},"3":{"start":{"line":27,"column":48},"end":{"line":31,"column":null}},"4":{"start":{"line":27,"column":14},"end":{"line":27,"column":48}},"5":{"start":{"line":33,"column":12},"end":{"line":33,"column":18}},"6":{"start":{"line":34,"column":40},"end":{"line":34,"column":null}},"7":{"start":{"line":34,"column":18},"end":{"line":34,"column":40}},"8":{"start":{"line":36,"column":12},"end":{"line":39,"column":15}},"9":{"start":{"line":41,"column":18},"end":{"line":41,"column":43}},"10":{"start":{"line":42,"column":12},"end":{"line":45,"column":15}},"11":{"start":{"line":48,"column":14},"end":{"line":48,"column":35}},"12":{"start":{"line":49,"column":8},"end":{"line":49,"column":72}},"13":{"start":{"line":51,"column":8},"end":{"line":51,"column":70}},"14":{"start":{"line":52,"column":8},"end":{"line":52,"column":20}},"15":{"start":{"line":19,"column":0},"end":{"line":19,"column":22}},"16":{"start":{"line":56,"column":30},"end":{"line":74,"column":2}},"17":{"start":{"line":59,"column":22},"end":{"line":74,"column":2}},"18":{"start":{"line":62,"column":46},"end":{"line":62,"column":null}},"19":{"start":{"line":62,"column":14},"end":{"line":62,"column":46}},"20":{"start":{"line":63,"column":8},"end":{"line":63,"column":46}},"21":{"start":{"line":65,"column":8},"end":{"line":65,"column":54}},"22":{"start":{"line":66,"column":8},"end":{"line":66,"column":15}},"23":{"start":{"line":68,"column":14},"end":{"line":68,"column":35}},"24":{"start":{"line":69,"column":8},"end":{"line":69,"column":71}},"25":{"start":{"line":71,"column":8},"end":{"line":71,"column":67}},"26":{"start":{"line":72,"column":8},"end":{"line":72,"column":20}},"27":{"start":{"line":56,"column":13},"end":{"line":56,"column":30}},"28":{"start":{"line":76,"column":30},"end":{"line":94,"column":2}},"29":{"start":{"line":77,"column":19},"end":{"line":77,"column":32}},"30":{"start":{"line":82,"column":45},"end":{"line":82,"column":null}},"31":{"start":{"line":82,"column":14},"end":{"line":82,"column":45}},"32":{"start":{"line":83,"column":8},"end":{"line":83,"column":51}},"33":{"start":{"line":85,"column":8},"end":{"line":85,"column":53}},"34":{"start":{"line":86,"column":8},"end":{"line":86,"column":15}},"35":{"start":{"line":88,"column":14},"end":{"line":88,"column":35}},"36":{"start":{"line":89,"column":14},"end":{"line":89,"column":62}},"37":{"start":{"line":90,"column":8},"end":{"line":90,"column":44}},"38":{"start":{"line":92,"column":8},"end":{"line":92,"column":20}},"39":{"start":{"line":76,"column":13},"end":{"line":76,"column":30}},"40":{"start":{"line":96,"column":35},"end":{"line":99,"column":1}},"41":{"start":{"line":97,"column":4},"end":{"line":97,"column":34}},"42":{"start":{"line":98,"column":4},"end":{"line":98,"column":35}},"43":{"start":{"line":96,"column":13},"end":{"line":96,"column":35}},"44":{"start":{"line":101,"column":29},"end":{"line":120,"column":2}},"45":{"start":{"line":102,"column":18},"end":{"line":102,"column":22}},"46":{"start":{"line":102,"column":26},"end":{"line":102,"column":37}},"47":{"start":{"line":107,"column":45},"end":{"line":107,"column":null}},"48":{"start":{"line":107,"column":14},"end":{"line":107,"column":45}},"49":{"start":{"line":108,"column":8},"end":{"line":108,"column":42}},"50":{"start":{"line":109,"column":8},"end":{"line":109,"column":50}},"51":{"start":{"line":111,"column":8},"end":{"line":111,"column":53}},"52":{"start":{"line":112,"column":8},"end":{"line":112,"column":15}},"53":{"start":{"line":114,"column":14},"end":{"line":114,"column":35}},"54":{"start":{"line":115,"column":14},"end":{"line":115,"column":62}},"55":{"start":{"line":116,"column":8},"end":{"line":116,"column":44}},"56":{"start":{"line":118,"column":8},"end":{"line":118,"column":20}},"57":{"start":{"line":101,"column":13},"end":{"line":101,"column":29}},"58":{"start":{"line":122,"column":29},"end":{"line":139,"column":2}},"59":{"start":{"line":125,"column":22},"end":{"line":139,"column":2}},"60":{"start":{"line":128,"column":36},"end":{"line":128,"column":null}},"61":{"start":{"line":128,"column":14},"end":{"line":128,"column":36}},"62":{"start":{"line":129,"column":8},"end":{"line":129,"column":53}},"63":{"start":{"line":130,"column":8},"end":{"line":130,"column":58}},"64":{"start":{"line":131,"column":8},"end":{"line":131,"column":15}},"65":{"start":{"line":133,"column":14},"end":{"line":133,"column":35}},"66":{"start":{"line":134,"column":14},"end":{"line":134,"column":65}},"67":{"start":{"line":135,"column":8},"end":{"line":135,"column":44}},"68":{"start":{"line":137,"column":8},"end":{"line":137,"column":20}},"69":{"start":{"line":122,"column":13},"end":{"line":122,"column":29}}},"fnMap":{"0":{"name":"addProduct","decl":{"start":{"line":19,"column":22},"end":{"line":19,"column":32}},"loc":{"start":{"line":22,"column":22},"end":{"line":54,"column":null}}},"1":{"name":"(anonymous_16)","decl":{"start":{"line":56,"column":30},"end":{"line":56,"column":null}},"loc":{"start":{"line":59,"column":22},"end":{"line":74,"column":2}}},"2":{"name":"(anonymous_17)","decl":{"start":{"line":59,"column":22},"end":{"line":59,"column":null}},"loc":{"start":{"line":59,"column":22},"end":{"line":74,"column":2}}},"3":{"name":"(anonymous_19)","decl":{"start":{"line":76,"column":30},"end":{"line":76,"column":null}},"loc":{"start":{"line":79,"column":22},"end":{"line":94,"column":2}}},"4":{"name":"(anonymous_22)","decl":{"start":{"line":96,"column":35},"end":{"line":96,"column":36}},"loc":{"start":{"line":96,"column":63},"end":{"line":99,"column":1}}},"5":{"name":"(anonymous_23)","decl":{"start":{"line":101,"column":29},"end":{"line":101,"column":null}},"loc":{"start":{"line":104,"column":22},"end":{"line":120,"column":2}}},"6":{"name":"(anonymous_26)","decl":{"start":{"line":122,"column":29},"end":{"line":122,"column":null}},"loc":{"start":{"line":125,"column":22},"end":{"line":139,"column":2}}},"7":{"name":"(anonymous_27)","decl":{"start":{"line":125,"column":22},"end":{"line":125,"column":null}},"loc":{"start":{"line":125,"column":22},"end":{"line":139,"column":2}}}},"branchMap":{"0":{"loc":{"start":{"line":33,"column":12},"end":{"line":33,"column":18}},"type":"if","locations":[{"start":{"line":33,"column":12},"end":{"line":33,"column":18}}]}},"s":{"0":1,"1":2,"2":2,"3":2,"4":2,"5":3,"6":1,"7":1,"8":1,"9":1,"10":1,"11":0,"12":0,"13":0,"14":0,"15":1,"16":1,"17":0,"18":0,"19":0,"20":0,"21":0,"22":0,"23":0,"24":0,"25":0,"26":0,"27":1,"28":1,"29":0,"30":0,"31":0,"32":0,"33":0,"34":0,"35":0,"36":0,"37":0,"38":0,"39":1,"40":1,"41":0,"42":0,"43":1,"44":1,"45":0,"46":0,"47":0,"48":0,"49":0,"50":0,"51":0,"52":0,"53":0,"54":0,"55":0,"56":0,"57":1,"58":1,"59":0,"60":0,"61":0,"62":0,"63":0,"64":0,"65":0,"66":0,"67":0,"68":0,"69":1},"f":{"0":2,"1":0,"2":0,"3":0,"4":0,"5":0,"6":0,"7":0},"b":{"0":[1]}}
,"/Users/computer/dev/card-library-api/src/routes/index.ts": {"path":"/Users/computer/dev/card-library-api/src/routes/index.ts","statementMap":{"0":{"start":{"line":1,"column":0},"end":{"line":1,"column":33}},"1":{"start":{"line":3,"column":0},"end":{"line":3,"column":null}},"2":{"start":{"line":11,"column":15},"end":{"line":11,"column":23}},"3":{"start":{"line":19,"column":9},"end":{"line":19,"column":15}},"4":{"start":{"line":13,"column":0},"end":{"line":13,"column":37}},"5":{"start":{"line":14,"column":0},"end":{"line":14,"column":40}},"6":{"start":{"line":15,"column":0},"end":{"line":15,"column":44}},"7":{"start":{"line":16,"column":0},"end":{"line":16,"column":45}},"8":{"start":{"line":17,"column":0},"end":{"line":17,"column":46}}},"fnMap":{},"branchMap":{},"s":{"0":1,"1":1,"2":1,"3":1,"4":1,"5":1,"6":1,"7":1,"8":1},"f":{},"b":{}}
}
