TN:
SF:src/server.ts
FNF:0
FNH:0
DA:1,1
DA:2,1
DA:3,1
DA:5,1
DA:7,1
DA:9,1
DA:10,1
DA:15,1
DA:16,1
DA:18,1
DA:20,1
LF:11
LH:11
BRF:0
BRH:0
end_of_record
TN:
SF:src/controllers/index.ts
FNF:0
FNH:0
DA:1,1
LF:1
LH:1
BRF:0
BRH:0
end_of_record
TN:
SF:src/controllers/product.controller.ts
FN:19,addProduct
FN:56,(anonymous_16)
FN:59,(anonymous_17)
FN:76,(anonymous_19)
FN:96,(anonymous_22)
FN:101,(anonymous_23)
FN:122,(anonymous_26)
FN:125,(anonymous_27)
FNF:8
FNH:1
FNDA:2,addProduct
FNDA:0,(anonymous_16)
FNDA:0,(anonymous_17)
FNDA:0,(anonymous_19)
FNDA:0,(anonymous_22)
FNDA:0,(anonymous_23)
FNDA:0,(anonymous_26)
FNDA:0,(anonymous_27)
DA:3,1
DA:19,1
DA:20,2
DA:25,2
DA:27,2
DA:33,3
DA:34,1
DA:36,1
DA:41,1
DA:42,1
DA:48,0
DA:49,0
DA:51,0
DA:52,0
DA:56,1
DA:59,0
DA:62,0
DA:63,0
DA:65,0
DA:66,0
DA:68,0
DA:69,0
DA:71,0
DA:72,0
DA:76,1
DA:77,0
DA:82,0
DA:83,0
DA:85,0
DA:86,0
DA:88,0
DA:89,0
DA:90,0
DA:92,0
DA:96,1
DA:97,0
DA:98,0
DA:101,1
DA:102,0
DA:107,0
DA:108,0
DA:109,0
DA:111,0
DA:112,0
DA:114,0
DA:115,0
DA:116,0
DA:118,0
DA:122,1
DA:125,0
DA:128,0
DA:129,0
DA:130,0
DA:131,0
DA:133,0
DA:134,0
DA:135,0
DA:137,0
LF:58
LH:15
BRDA:33,0,0,1
BRF:1
BRH:1
end_of_record
TN:
SF:src/routes/index.ts
FNF:0
FNH:0
DA:1,1
DA:3,1
DA:11,1
DA:13,1
DA:14,1
DA:15,1
DA:16,1
DA:17,1
DA:19,1
LF:9
LH:9
BRF:0
BRH:0
end_of_record
